[rtsp] rtsp://192.168.6.162:8554/live
[target] 192.168.6.192:5000  1280x720@30 RGBA
[ffmpeg] ffmpeg -hide_banner -loglevel warning -rtsp_transport tcp -fflags nobuffer -flags low_delay -i rtsp://192.168.6.162:8554/live -an -vf scale=1280:720:force_original_aspect_ratio=decrease,pad=1280:720:(ow-iw)/2:(oh-ih)/2:color=black,fps=30 -pix_fmt rgba -f rawvideo pipe:1
[tcp] connecting ...
[tcp] connected. Relaying... Ctrl-C to stop.
[swscaler @ 0x7ff728014d00] deprecated pixel format used, make sure you did set range correctly
[stats] frames=1  avg_fps=0.3  bw=1 MB/s
[stats] frames=25  avg_fps=5.5  bw=20 MB/s
[stats] frames=49  avg_fps=8.8  bw=33 MB/s
[stats] frames=73  avg_fps=11.1  bw=41 MB/s
[stats] frames=86  avg_fps=11.3  bw=42 MB/s
[stats] frames=98  avg_fps=11.4  bw=42 MB/s
[stats] frames=115  avg_fps=11.9  bw=44 MB/s
[stats] frames=137  avg_fps=12.8  bw=47 MB/s
[stats] frames=160  avg_fps=13.7  bw=50 MB/s
[stats] frames=182  avg_fps=14.3  bw=53 MB/s
[h264 @ 0x5609d6198840] error while decoding MB 34 11, bytestream -11
[vist#0:0/h264 @ 0x5609d6192a80] [dec:h264 @ 0x5609d616dc00] corrupt decoded frame
[h264 @ 0x5609d6198840] error while decoding MB 28 26, bytestream -7
[vist#0:0/h264 @ 0x5609d6192a80] [dec:h264 @ 0x5609d616dc00] corrupt decoded frame
[stats] frames=205  avg_fps=15.0  bw=55 MB/s
[h264 @ 0x5609d6198840] error while decoding MB 34 19, bytestream -11
[vist#0:0/h264 @ 0x5609d6192a80] [dec:h264 @ 0x5609d616dc00] corrupt decoded frame
[stats] frames=229  avg_fps=15.5  bw=57 MB/s
[stats] frames=251  avg_fps=15.9  bw=59 MB/s
[stats] frames=275  avg_fps=16.4  bw=60 MB/s
[h264 @ 0x5609d6198840] left block unavailable for requested intra4x4 mode -1
[h264 @ 0x5609d6198840] error while decoding MB 0 28, bytestream 6167
[vist#0:0/h264 @ 0x5609d6192a80] [dec:h264 @ 0x5609d616dc00] corrupt decoded frame
[stats] frames=299  avg_fps=16.8  bw=62 MB/s
[h264 @ 0x5609d6198840] error while decoding MB 22 10, bytestream -31
[vist#0:0/h264 @ 0x5609d6192a80] [dec:h264 @ 0x5609d616dc00] corrupt decoded frame
[stats] frames=318  avg_fps=16.9  bw=62 MB/s
[h264 @ 0x5609d6198840] left block unavailable for requested intra mode
[h264 @ 0x5609d6198840] error while decoding MB 0 11, bytestream 8872
[vist#0:0/h264 @ 0x5609d6192a80] [dec:h264 @ 0x5609d616dc00] corrupt decoded frame
[h264 @ 0x5609d6198840] cabac decode of qscale diff failed at 38 19
[h264 @ 0x5609d6198840] error while decoding MB 38 19, bytestream 9265
[vist#0:0/h264 @ 0x5609d6192a80] [dec:h264 @ 0x5609d616dc00] corrupt decoded frame
[stats] frames=340  avg_fps=17.2  bw=63 MB/s
[stats] frames=364  avg_fps=17.5  bw=64 MB/s
[stats] frames=389  avg_fps=17.8  bw=66 MB/s
[stats] frames=414  avg_fps=18.1  bw=67 MB/s
[h264 @ 0x5609d6198840] left block unavailable for requested intra4x4 mode -1
[h264 @ 0x5609d6198840] error while decoding MB 0 5, bytestream 9225
[vist#0:0/h264 @ 0x5609d6192a80] [dec:h264 @ 0x5609d616dc00] corrupt decoded frame
[h264 @ 0x5609d6198840] error while decoding MB 39 8, bytestream -11
[vist#0:0/h264 @ 0x5609d6192a80] [dec:h264 @ 0x5609d616dc00] corrupt decoded frame
[stats] frames=439  avg_fps=18.3  bw=68 MB/s
[stats] frames=464  avg_fps=18.6  bw=68 MB/s
[h264 @ 0x5609d6198840] left block unavailable for requested intra mode
[h264 @ 0x5609d6198840] error while decoding MB 0 21, bytestream 8228
[vist#0:0/h264 @ 0x5609d6192a80] [dec:h264 @ 0x5609d616dc00] corrupt decoded frame
[h264 @ 0x5609d6198840] error while decoding MB 23 23, bytestream -15
[vist#0:0/h264 @ 0x5609d6192a80] [dec:h264 @ 0x5609d616dc00] corrupt decoded frame
[stats] frames=488  avg_fps=18.7  bw=69 MB/s
[stats] frames=507  avg_fps=18.8  bw=69 MB/s
[stats] frames=523  avg_fps=18.6  bw=69 MB/s
[stats] frames=548  avg_fps=18.8  bw=69 MB/s
[stats] frames=573  avg_fps=19.0  bw=70 MB/s
[stats] frames=594  avg_fps=19.1  bw=70 MB/s
[h264 @ 0x5609d6198840] error while decoding MB 21 16, bytestream -13
[vist#0:0/h264 @ 0x5609d6192a80] [dec:h264 @ 0x5609d616dc00] corrupt decoded frame
[stats] frames=612  avg_fps=19.0  bw=70 MB/s
[stats] frames=637  avg_fps=19.2  bw=71 MB/s
[stats] frames=662  avg_fps=19.4  bw=71 MB/s
[h264 @ 0x5609d6198840] cabac decode of qscale diff failed at 38 15
[h264 @ 0x5609d6198840] error while decoding MB 38 15, bytestream -3
[vist#0:0/h264 @ 0x5609d6192a80] [dec:h264 @ 0x5609d616dc00] corrupt decoded frame
[stats] frames=687  avg_fps=19.5  bw=72 MB/s
[h264 @ 0x5609d6198840] error while decoding MB 18 26, bytestream -11
[h264 @ 0x5609d6198840] error while decoding MB 36 8, bytestream -11
[vist#0:0/h264 @ 0x5609d6192a80] [dec:h264 @ 0x5609d616dc00] corrupt decoded frame
[stats] frames=712  avg_fps=19.7  bw=72 MB/s
[h264 @ 0x5609d6198840] error while decoding MB 31 7, bytestream -17
[vist#0:0/h264 @ 0x5609d6192a80] [dec:h264 @ 0x5609d616dc00] corrupt decoded frame
[stats] frames=737  avg_fps=19.8  bw=73 MB/s
[stats] frames=763  avg_fps=19.9  bw=74 MB/s
[h264 @ 0x5609d6198840] error while decoding MB 11 3, bytestream -7
[vist#0:0/h264 @ 0x5609d6192a80] [dec:h264 @ 0x5609d616dc00] corrupt decoded frame
[stats] frames=792  avg_fps=20.2  bw=74 MB/s
[stats] frames=821  avg_fps=20.4  bw=75 MB/s
[stats] frames=851  avg_fps=20.6  bw=76 MB/s
[stats] frames=881  avg_fps=20.8  bw=77 MB/s
[h264 @ 0x5609d6198840] left block unavailable for requested intra mode
[h264 @ 0x5609d6198840] error while decoding MB 0 9, bytestream 9029
[vist#0:0/h264 @ 0x5609d6192a80] [dec:h264 @ 0x5609d616dc00] corrupt decoded frame
[stats] frames=911  avg_fps=21.0  bw=77 MB/s
[h264 @ 0x5609d6198840] error while decoding MB 35 29, bytestream -7
[vist#0:0/h264 @ 0x5609d6192a80] [dec:h264 @ 0x5609d616dc00] corrupt decoded frame
[stats] frames=941  avg_fps=21.2  bw=78 MB/s
[stats] frames=971  avg_fps=21.4  bw=79 MB/s
[h264 @ 0x5609d6198840] error while decoding MB 18 20, bytestream -7
[vist#0:0/h264 @ 0x5609d6192a80] [dec:h264 @ 0x5609d616dc00] corrupt decoded frame
[h264 @ 0x5609d6198840] error while decoding MB 16 15, bytestream -19
[vist#0:0/h264 @ 0x5609d6192a80] [dec:h264 @ 0x5609d616dc00] corrupt decoded frame
[stats] frames=1001  avg_fps=21.6  bw=79 MB/s
[stats] frames=1031  avg_fps=21.7  bw=80 MB/s
[stats] frames=1061  avg_fps=21.9  bw=81 MB/s
[stats] frames=1091  avg_fps=22.1  bw=81 MB/s
[stats] frames=1121  avg_fps=22.2  bw=82 MB/s
[h264 @ 0x5609d6198840] left block unavailable for requested intra4x4 mode -1
[h264 @ 0x5609d6198840] error while decoding MB 0 7, bytestream 7863
[vist#0:0/h264 @ 0x5609d6192a80] [dec:h264 @ 0x5609d616dc00] corrupt decoded frame
[stats] frames=1151  avg_fps=22.4  bw=82 MB/s
[stats] frames=1181  avg_fps=22.5  bw=83 MB/s
[h264 @ 0x5609d6198840] error while decoding MB 5 11, bytestream -13
[vist#0:0/h264 @ 0x5609d6192a80] [dec:h264 @ 0x5609d616dc00] corrupt decoded frame
[h264 @ 0x5609d6198840] left block unavailable for requested intra mode
[h264 @ 0x5609d6198840] error while decoding MB 0 14, bytestream 7654
[vist#0:0/h264 @ 0x5609d6192a80] [dec:h264 @ 0x5609d616dc00] corrupt decoded frame
[stats] frames=1211  avg_fps=22.6  bw=83 MB/s
[stats] frames=1241  avg_fps=22.8  bw=84 MB/s
[h264 @ 0x5609d6198840] error while decoding MB 31 19, bytestream -5
[vist#0:0/h264 @ 0x5609d6192a80] [dec:h264 @ 0x5609d616dc00] corrupt decoded frame
[stats] frames=1267  avg_fps=22.8  bw=84 MB/s
[stats] frames=1292  avg_fps=22.8  bw=84 MB/s
[stats] frames=1318  avg_fps=22.9  bw=84 MB/s
[h264 @ 0x5609d6198840] error while decoding MB 8 24, bytestream -23
[vist#0:0/h264 @ 0x5609d6192a80] [dec:h264 @ 0x5609d616dc00] corrupt decoded frame
[stats] frames=1344  avg_fps=22.9  bw=85 MB/s
[stats] frames=1371  avg_fps=23.0  bw=85 MB/s
[stats] frames=1399  avg_fps=23.1  bw=85 MB/s
[stats] frames=1428  avg_fps=23.2  bw=85 MB/s
[stats] frames=1457  avg_fps=23.2  bw=86 MB/s
[h264 @ 0x5609d6198840] left block unavailable for requested intra4x4 mode -1
[h264 @ 0x5609d6198840] error while decoding MB 0 19, bytestream 7962
[vist#0:0/h264 @ 0x5609d6192a80] [dec:h264 @ 0x5609d616dc00] corrupt decoded frame
[h264 @ 0x5609d6198840] error while decoding MB 0 5, bytestream -7
[vist#0:0/h264 @ 0x5609d6192a80] [dec:h264 @ 0x5609d616dc00] corrupt decoded frame
[stats] frames=1485  avg_fps=23.3  bw=86 MB/s
[h264 @ 0x5609d6198840] left block unavailable for requested intra4x4 mode -1
[h264 @ 0x5609d6198840] error while decoding MB 0 7, bytestream 6412
[vist#0:0/h264 @ 0x5609d6192a80] [dec:h264 @ 0x5609d616dc00] corrupt decoded frame
[stats] frames=1513  avg_fps=23.4  bw=86 MB/s
[stats] frames=1542  avg_fps=23.5  bw=86 MB/s
[stats] frames=1570  avg_fps=23.5  bw=87 MB/s
[stats] frames=1596  avg_fps=23.5  bw=87 MB/s
[vost#0:0/rawvideo @ 0x5609d619d7c0] Error submitting a packet to the muxer: Broken pipe
    Last message repeated 1 times
[out#0/rawvideo @ 0x5609d6190a40] Error muxing a packet
[out#0/rawvideo @ 0x5609d6190a40] Task finished with error code: -32 (Broken pipe)
[out#0/rawvideo @ 0x5609d6190a40] Terminating thread with return code -32 (Broken pipe)
[out#0/rawvideo @ 0x5609d6190a40] Error writing trailer: Broken pipe
[out#0/rawvideo @ 0x5609d6190a40] Error closing file: Broken pipe
